Arguments: 
  /Users/meafmira/.nvm/versions/node/v8.1.4/bin/node /usr/local/bin/yarn publish

PATH: 
  /Users/meafmira/.opam/4.02.3/bin:/Users/meafmira/.nvm/versions/node/v8.1.4/bin:/Users/meafmira/.npm-packages/bin:/Users/meafmira/.local/bin:/usr/local/bin:/usr/bin:/bin:/usr/sbin:/sbin:/usr/local/go/bin:/Library/Frameworks/Mono.framework/Versions/Current/Commands:/Users/meafmira/Library/Android/sdk/tools:/Users/meafmira/Library/Android/sdk/platform-tools:/usr/local/Cellar/node/8.1.3/bin:/usr/local/go/bin:/Users/meafmira/projects/golang/bin

Yarn version: 
  0.27.5

Node version: 
  8.1.4

Platform: 
  darwin x64

npm manifest: 
  {
    "name": "bs-axios",
    "version": "0.0.15",
    "description": "Bucklesript bindings to axios",
    "repository": "https://github.com/meafmira/bs-axios",
    "author": "meafmira",
    "license": "MIT",
    "scripts": {
      "build": "bsb -clean-world -make-world",
      "watch": "bsb -clean-world -make-world -w"
    },
    "peerDependencies": {
      "bs-platform": "^1.7.4"
    },
    "dependencies": {
      "axios": "^0.16.1"
    },
    "devDependencies": {
      "bs-platform": "^1.7.4"
    }
  }

yarn manifest: 
  No manifest

Lockfile: 
  # THIS IS AN AUTOGENERATED FILE. DO NOT EDIT THIS FILE DIRECTLY.
  # yarn lockfile v1
  
  
  axios@^0.16.1:
    version "0.16.1"
    resolved "https://registry.yarnpkg.com/axios/-/axios-0.16.1.tgz#c0b6d26600842384b8f509e57111f0d2df8223ca"
    dependencies:
      follow-redirects "^1.2.3"
  
  bs-platform@^1.7.4:
    version "1.7.4"
    resolved "https://registry.yarnpkg.com/bs-platform/-/bs-platform-1.7.4.tgz#495f529ff509f01eb554cd499d4008283e737aed"
  
  debug@^2.4.5:
    version "2.6.8"
    resolved "https://registry.yarnpkg.com/debug/-/debug-2.6.8.tgz#e731531ca2ede27d188222427da17821d68ff4fc"
    dependencies:
      ms "2.0.0"
  
  follow-redirects@^1.2.3:
    version "1.2.3"
    resolved "https://registry.yarnpkg.com/follow-redirects/-/follow-redirects-1.2.3.tgz#01abaeca85e3609837d9fcda3167a7e42fdaca21"
    dependencies:
      debug "^2.4.5"
  
  ms@2.0.0:
    version "2.0.0"
    resolved "https://registry.yarnpkg.com/ms/-/ms-2.0.0.tgz#5608aeadfc00be6c2901df5f9861788de0d597c8"

Trace: 
  Error: https://registry.yarnpkg.com/bs-axios: You must be logged in to publish packages
      at Request.params.callback [as _callback] (/usr/local/Cellar/yarn/0.27.5/libexec/lib/yarn-cli.js:58200:18)
      at Request.self.callback (/usr/local/Cellar/yarn/0.27.5/libexec/lib/yarn-cli.js:114242:22)
      at emitTwo (events.js:125:13)
      at Request.emit (events.js:213:7)
      at Request.<anonymous> (/usr/local/Cellar/yarn/0.27.5/libexec/lib/yarn-cli.js:115225:10)
      at emitOne (events.js:115:13)
      at Request.emit (events.js:210:7)
      at IncomingMessage.<anonymous> (/usr/local/Cellar/yarn/0.27.5/libexec/lib/yarn-cli.js:115145:12)
      at Object.onceWrapper (events.js:314:30)
      at emitNone (events.js:110:20)
